C:\ExampleAPI\ExampleAPI\ExampleAPI\ClientApp\dist\out-tsc\app\models\login-model.js
C:\ExampleAPI\ExampleAPI\ExampleAPI\ClientApp\dist\out-tsc\app\models\login-model.js.map
C:\ExampleAPI\ExampleAPI\ExampleAPI\ClientApp\dist\out-tsc\environments\environment.js
C:\ExampleAPI\ExampleAPI\ExampleAPI\ClientApp\dist\out-tsc\environments\environment.js.map
C:\ExampleAPI\ExampleAPI\ExampleAPI\ClientApp\dist\out-tsc\app\services\login.service.js
C:\ExampleAPI\ExampleAPI\ExampleAPI\ClientApp\dist\out-tsc\app\services\login.service.js.map
C:\ExampleAPI\ExampleAPI\ExampleAPI\ClientApp\dist\out-tsc\app\components\login\login.component.js
C:\ExampleAPI\ExampleAPI\ExampleAPI\ClientApp\dist\out-tsc\app\components\login\login.component.js.map
C:\ExampleAPI\ExampleAPI\ExampleAPI\ClientApp\dist\out-tsc\app\components\home\home.component.js
C:\ExampleAPI\ExampleAPI\ExampleAPI\ClientApp\dist\out-tsc\app\components\home\home.component.js.map
C:\ExampleAPI\ExampleAPI\ExampleAPI\ClientApp\dist\out-tsc\app\app-routing.module.js
C:\ExampleAPI\ExampleAPI\ExampleAPI\ClientApp\dist\out-tsc\app\app-routing.module.js.map
C:\ExampleAPI\ExampleAPI\ExampleAPI\ClientApp\dist\out-tsc\app\app.component.js
C:\ExampleAPI\ExampleAPI\ExampleAPI\ClientApp\dist\out-tsc\app\app.component.js.map
C:\ExampleAPI\ExampleAPI\ExampleAPI\ClientApp\dist\out-tsc\app\app.module.js
C:\ExampleAPI\ExampleAPI\ExampleAPI\ClientApp\dist\out-tsc\app\app.module.js.map
C:\ExampleAPI\ExampleAPI\ExampleAPI\ClientApp\dist\out-tsc\main.js
C:\ExampleAPI\ExampleAPI\ExampleAPI\ClientApp\dist\out-tsc\main.js.map
C:\ExampleAPI\ExampleAPI\ExampleAPI\ClientApp\dist\out-tsc\polyfills.js
C:\ExampleAPI\ExampleAPI\ExampleAPI\ClientApp\dist\out-tsc\polyfills.js.map
C:\ExampleAPI\ExampleAPI\ExampleAPI\ClientApp\dist\out-tsc\test.js
C:\ExampleAPI\ExampleAPI\ExampleAPI\ClientApp\dist\out-tsc\test.js.map
C:\ExampleAPI\ExampleAPI\ExampleAPI\ClientApp\dist\out-tsc\app\app.component.spec.js
C:\ExampleAPI\ExampleAPI\ExampleAPI\ClientApp\dist\out-tsc\app\app.component.spec.js.map
C:\ExampleAPI\ExampleAPI\ExampleAPI\ClientApp\dist\out-tsc\app\components\home\home.component.spec.js
C:\ExampleAPI\ExampleAPI\ExampleAPI\ClientApp\dist\out-tsc\app\components\home\home.component.spec.js.map
C:\ExampleAPI\ExampleAPI\ExampleAPI\ClientApp\dist\out-tsc\app\components\login\login.component.spec.js
C:\ExampleAPI\ExampleAPI\ExampleAPI\ClientApp\dist\out-tsc\app\components\login\login.component.spec.js.map
C:\ExampleAPI\ExampleAPI\ExampleAPI\ClientApp\dist\out-tsc\environments\environment.prod.js
C:\ExampleAPI\ExampleAPI\ExampleAPI\ClientApp\dist\out-tsc\environments\environment.prod.js.map
